2022-02-25 02:36:50.097  INFO 48903 --- [main] c.w.w.WalletDemoProjectApplication       : Starting WalletDemoProjectApplication using Java 17.0.2 on 10.212.120.15 with PID 48903 (/Users/sanjay.shakya/Downloads/Milestone-2-Wallet-Management-Test/target/classes started by sanjay.shakya in /Users/sanjay.shakya/Downloads/Milestone-2-Wallet-Management-Test)
2022-02-25 02:36:50.101 DEBUG 48903 --- [main] c.w.w.WalletDemoProjectApplication       : Running with Spring Boot v2.6.3, Spring v5.3.15
2022-02-25 02:36:50.103  INFO 48903 --- [main] c.w.w.WalletDemoProjectApplication       : No active profile set, falling back to default profiles: default
2022-02-25 02:36:51.293  INFO 48903 --- [main] .s.d.r.c.RepositoryConfigurationDelegate : Bootstrapping Spring Data JPA repositories in DEFAULT mode.
2022-02-25 02:36:51.389  INFO 48903 --- [main] .s.d.r.c.RepositoryConfigurationDelegate : Finished Spring Data repository scanning in 85 ms. Found 2 JPA repository interfaces.
2022-02-25 02:36:52.505  INFO 48903 --- [main] o.s.b.w.embedded.tomcat.TomcatWebServer  : Tomcat initialized with port(s): 9090 (http)
2022-02-25 02:36:52.518  INFO 48903 --- [main] o.apache.catalina.core.StandardService   : Starting service [Tomcat]
2022-02-25 02:36:52.519  INFO 48903 --- [main] org.apache.catalina.core.StandardEngine  : Starting Servlet engine: [Apache Tomcat/9.0.56]
2022-02-25 02:36:52.623  INFO 48903 --- [main] o.a.c.c.C.[Tomcat].[localhost].[/]       : Initializing Spring embedded WebApplicationContext
2022-02-25 02:36:52.624  INFO 48903 --- [main] w.s.c.ServletWebServerApplicationContext : Root WebApplicationContext: initialization completed in 2366 ms
2022-02-25 02:36:53.004  INFO 48903 --- [main] o.hibernate.jpa.internal.util.LogHelper  : HHH000204: Processing PersistenceUnitInfo [name: default]
2022-02-25 02:36:53.039  INFO 48903 --- [main] org.hibernate.Version                    : HHH000412: Hibernate ORM core version 5.6.4.Final
2022-02-25 02:36:53.150  INFO 48903 --- [main] o.hibernate.annotations.common.Version   : HCANN000001: Hibernate Commons Annotations {5.1.2.Final}
2022-02-25 02:36:53.229  INFO 48903 --- [main] com.zaxxer.hikari.HikariDataSource       : HikariPool-1 - Starting...
2022-02-25 02:36:53.681  INFO 48903 --- [main] com.zaxxer.hikari.HikariDataSource       : HikariPool-1 - Start completed.
2022-02-25 02:36:53.707  INFO 48903 --- [main] org.hibernate.dialect.Dialect            : HHH000400: Using dialect: org.hibernate.dialect.MySQL8Dialect
2022-02-25 02:36:54.367  INFO 48903 --- [main] o.h.e.t.j.p.i.JtaPlatformInitiator       : HHH000490: Using JtaPlatform implementation: [org.hibernate.engine.transaction.jta.platform.internal.NoJtaPlatform]
2022-02-25 02:36:54.378  INFO 48903 --- [main] j.LocalContainerEntityManagerFactoryBean : Initialized JPA EntityManagerFactory for persistence unit 'default'
2022-02-25 02:36:54.801 DEBUG 48903 --- [main] c.w.w.Security.JWTFilter                 : Filter 'JWTFilter' configured for use
2022-02-25 02:36:54.995  WARN 48903 --- [main] JpaBaseConfiguration$JpaWebConfiguration : spring.jpa.open-in-view is enabled by default. Therefore, database queries may be performed during view rendering. Explicitly configure spring.jpa.open-in-view to disable this warning
2022-02-25 02:36:55.846  INFO 48903 --- [main] o.s.s.web.DefaultSecurityFilterChain     : Will secure any request with [org.springframework.security.web.context.request.async.WebAsyncManagerIntegrationFilter@488b46da, org.springframework.security.web.context.SecurityContextPersistenceFilter@3bf4644c, org.springframework.security.web.header.HeaderWriterFilter@548f4f60, org.springframework.security.web.authentication.logout.LogoutFilter@58647985, com.walletdemo.walletdemoproject.Security.JWTFilter@33e4068, org.springframework.security.web.savedrequest.RequestCacheAwareFilter@792eeae6, org.springframework.security.web.servletapi.SecurityContextHolderAwareRequestFilter@7a92827f, org.springframework.security.web.authentication.AnonymousAuthenticationFilter@5e777b0, org.springframework.security.web.session.SessionManagementFilter@368ff8be, org.springframework.security.web.access.ExceptionTranslationFilter@244268a8, org.springframework.security.web.access.intercept.FilterSecurityInterceptor@219db855]
2022-02-25 02:36:55.922  INFO 48903 --- [main] o.s.b.w.embedded.tomcat.TomcatWebServer  : Tomcat started on port(s): 9090 (http) with context path ''
2022-02-25 02:36:55.935  INFO 48903 --- [main] c.w.w.WalletDemoProjectApplication       : Started WalletDemoProjectApplication in 6.491 seconds (JVM running for 7.238)
2022-02-25 02:37:19.385  INFO 48903 --- [http-nio-9090-exec-1] o.a.c.c.C.[Tomcat].[localhost].[/]       : Initializing Spring DispatcherServlet 'dispatcherServlet'
2022-02-25 02:37:19.389  INFO 48903 --- [http-nio-9090-exec-1] o.s.web.servlet.DispatcherServlet        : Initializing Servlet 'dispatcherServlet'
2022-02-25 02:37:19.393  INFO 48903 --- [http-nio-9090-exec-1] o.s.web.servlet.DispatcherServlet        : Completed initialization in 4 ms
2022-02-25 02:38:53.060  WARN 48903 --- [http-nio-9090-exec-5] .w.s.m.s.DefaultHandlerExceptionResolver : Resolved [org.springframework.http.converter.HttpMessageNotReadableException: Required request body is missing: public org.springframework.http.ResponseEntity<java.lang.Object> com.walletdemo.walletdemoproject.Controller.WalletController.createWallet(com.walletdemo.walletdemoproject.Model.WalletData)]
2022-02-25 02:40:09.510 DEBUG 48903 --- [http-nio-9090-exec-7] c.w.w.Controller.WalletController        : Wallet created by phone Number : 1111
2022-02-25 02:40:39.484 ERROR 48903 --- [http-nio-9090-exec-8] c.w.w.Controller.WalletController        : wrong phoneNumber or password , phoneNumber : 1111
2022-02-25 02:40:43.917  INFO 48903 --- [http-nio-9090-exec-9] c.w.w.Controller.WalletController        : token generated with phoneNumber 1111 token : eyJhbGciOiJIUzI1NiJ9.eyJzdWIiOiIxMTExIiwiZXhwIjoxNjQ1NzczMDQzLCJpYXQiOjE2NDU3MzcwNDN9.goqVwEKLsPTEABwrBltrYxKRwvr6rRvpj6KUHfTlfgI
2022-02-25 02:43:31.000 ERROR 48903 --- [http-nio-9090-exec-4] c.w.w.Controller.TransactionController   : User Not active
2022-02-25 02:44:15.987 DEBUG 48903 --- [http-nio-9090-exec-6] c.w.w.Controller.TransactionController   : Transaction successful : 1111 to 777
2022-02-25 02:45:06.271 DEBUG 48903 --- [http-nio-9090-exec-8] c.w.w.Controller.TransactionController   : Transaction successful : 999 to 1111
2022-02-25 02:46:12.540 DEBUG 48903 --- [http-nio-9090-exec-10] c.w.w.Controller.TransactionController   : Fetching List Of transaction
2022-02-25 02:46:36.358 DEBUG 48903 --- [http-nio-9090-exec-2] c.w.w.Controller.TransactionController   : 1111
2022-02-25 02:46:52.403 DEBUG 48903 --- [http-nio-9090-exec-1] c.w.w.Controller.TransactionController   : 777
2022-02-25 02:47:13.884 ERROR 48903 --- [http-nio-9090-exec-3] c.w.w.Controller.TransactionController   : User Not exist with phone-number : 2
2022-02-25 02:47:41.783 ERROR 48903 --- [http-nio-9090-exec-6] c.w.w.Controller.TransactionController   : No Transaction exist whit id : 44
2022-02-25 02:49:29.978 DEBUG 48903 --- [http-nio-9090-exec-8] c.w.w.Controller.WalletController        : User successfully logged out with phoneNumber : 999
2022-02-25 02:49:57.125 ERROR 48903 --- [http-nio-9090-exec-10] c.w.w.Controller.TransactionController   : User Not active
